[2021-01-03 21:55:59] local.ERROR: SQLSTATE[22P02]: Invalid text representation: 7 ERROR:  invalid input syntax for type bigint: "undefined" (SQL: select * from "products" where "products"."id" = undefined and "products"."deleted_at" is null limit 1) {"exception":"[object] (Illuminate\\Database\\QueryException(code: 22P02): SQLSTATE[22P02]: Invalid text representation: 7 ERROR:  invalid input syntax for type bigint: \"undefined\" (SQL: select * from \"products\" where \"products\".\"id\" = undefined and \"products\".\"deleted_at\" is null limit 1) at D:\\WORK\\WAREHOUSE-VUI\\warehouse\\warehouse\\vendor\\laravel\\framework\\src\\Illuminate\\Database\\Connection.php:678)
[stacktrace]
#0 D:\\WORK\\WAREHOUSE-VUI\\warehouse\\warehouse\\vendor\\laravel\\framework\\src\\Illuminate\\Database\\Connection.php(638): Illuminate\\Database\\Connection->runQueryCallback('select * from \"...', Array, Object(Closure))
#1 D:\\WORK\\WAREHOUSE-VUI\\warehouse\\warehouse\\vendor\\laravel\\framework\\src\\Illuminate\\Database\\Connection.php(346): Illuminate\\Database\\Connection->run('select * from \"...', Array, Object(Closure))
#2 D:\\WORK\\WAREHOUSE-VUI\\warehouse\\warehouse\\vendor\\laravel\\framework\\src\\Illuminate\\Database\\Query\\Builder.php(2303): Illuminate\\Database\\Connection->select('select * from \"...', Array, true)
#3 D:\\WORK\\WAREHOUSE-VUI\\warehouse\\warehouse\\vendor\\laravel\\framework\\src\\Illuminate\\Database\\Query\\Builder.php(2291): Illuminate\\Database\\Query\\Builder->runSelect()
#4 D:\\WORK\\WAREHOUSE-VUI\\warehouse\\warehouse\\vendor\\laravel\\framework\\src\\Illuminate\\Database\\Query\\Builder.php(2786): Illuminate\\Database\\Query\\Builder->Illuminate\\Database\\Query\\{closure}()
#5 D:\\WORK\\WAREHOUSE-VUI\\warehouse\\warehouse\\vendor\\laravel\\framework\\src\\Illuminate\\Database\\Query\\Builder.php(2292): Illuminate\\Database\\Query\\Builder->onceWithColumns(Array, Object(Closure))
#6 D:\\WORK\\WAREHOUSE-VUI\\warehouse\\warehouse\\vendor\\laravel\\framework\\src\\Illuminate\\Database\\Eloquent\\Builder.php(549): Illuminate\\Database\\Query\\Builder->get(Array)
#7 D:\\WORK\\WAREHOUSE-VUI\\warehouse\\warehouse\\vendor\\laravel\\framework\\src\\Illuminate\\Database\\Eloquent\\Builder.php(533): Illuminate\\Database\\Eloquent\\Builder->getModels(Array)
#8 D:\\WORK\\WAREHOUSE-VUI\\warehouse\\warehouse\\vendor\\laravel\\framework\\src\\Illuminate\\Database\\Concerns\\BuildsQueries.php(147): Illuminate\\Database\\Eloquent\\Builder->get(Array)
#9 D:\\WORK\\WAREHOUSE-VUI\\warehouse\\warehouse\\vendor\\laravel\\framework\\src\\Illuminate\\Database\\Eloquent\\Builder.php(355): Illuminate\\Database\\Eloquent\\Builder->first(Array)
#10 D:\\WORK\\WAREHOUSE-VUI\\warehouse\\warehouse\\vendor\\laravel\\framework\\src\\Illuminate\\Support\\Traits\\ForwardsCalls.php(23): Illuminate\\Database\\Eloquent\\Builder->find('undefined')
#11 D:\\WORK\\WAREHOUSE-VUI\\warehouse\\warehouse\\vendor\\laravel\\framework\\src\\Illuminate\\Database\\Eloquent\\Model.php(1885): Illuminate\\Database\\Eloquent\\Model->forwardCallTo(Object(Illuminate\\Database\\Eloquent\\Builder), 'find', Array)
#12 D:\\WORK\\WAREHOUSE-VUI\\warehouse\\warehouse\\vendor\\laravel\\framework\\src\\Illuminate\\Database\\Eloquent\\Model.php(1897): Illuminate\\Database\\Eloquent\\Model->__call('find', Array)
#13 D:\\WORK\\WAREHOUSE-VUI\\warehouse\\warehouse\\app\\Http\\Controllers\\ProductController.php(157): Illuminate\\Database\\Eloquent\\Model::__callStatic('find', Array)
#14 D:\\WORK\\WAREHOUSE-VUI\\warehouse\\warehouse\\vendor\\laravel\\framework\\src\\Illuminate\\Routing\\Controller.php(54): App\\Http\\Controllers\\ProductController->destroy(Object(Illuminate\\Http\\Request), 'undefined')
#15 D:\\WORK\\WAREHOUSE-VUI\\warehouse\\warehouse\\vendor\\laravel\\framework\\src\\Illuminate\\Routing\\ControllerDispatcher.php(45): Illuminate\\Routing\\Controller->callAction('destroy', Array)
#16 D:\\WORK\\WAREHOUSE-VUI\\warehouse\\warehouse\\vendor\\laravel\\framework\\src\\Illuminate\\Routing\\Route.php(254): Illuminate\\Routing\\ControllerDispatcher->dispatch(Object(Illuminate\\Routing\\Route), Object(App\\Http\\Controllers\\ProductController), 'destroy')
#17 D:\\WORK\\WAREHOUSE-VUI\\warehouse\\warehouse\\vendor\\laravel\\framework\\src\\Illuminate\\Routing\\Route.php(197): Illuminate\\Routing\\Route->runController()
#18 D:\\WORK\\WAREHOUSE-VUI\\warehouse\\warehouse\\vendor\\laravel\\framework\\src\\Illuminate\\Routing\\Router.php(692): Illuminate\\Routing\\Route->run()
#19 D:\\WORK\\WAREHOUSE-VUI\\warehouse\\warehouse\\vendor\\laravel\\framework\\src\\Illuminate\\Pipeline\\Pipeline.php(128): Illuminate\\Routing\\Router->Illuminate\\Routing\\{closure}(Object(Illuminate\\Http\\Request))
#20 D:\\WORK\\WAREHOUSE-VUI\\warehouse\\warehouse\\vendor\\laravel\\framework\\src\\Illuminate\\Routing\\Middleware\\SubstituteBindings.php(41): Illuminate\\Pipeline\\Pipeline->Illuminate\\Pipeline\\{closure}(Object(Illuminate\\Http\\Request))
#21 D:\\WORK\\WAREHOUSE-VUI\\warehouse\\warehouse\\vendor\\laravel\\framework\\src\\Illuminate\\Pipeline\\Pipeline.php(167): Illuminate\\Routing\\Middleware\\SubstituteBindings->handle(Object(Illuminate\\Http\\Request), Object(Closure))
#22 D:\\WORK\\WAREHOUSE-VUI\\warehouse\\warehouse\\vendor\\laravel\\framework\\src\\Illuminate\\Foundation\\Http\\Middleware\\VerifyCsrfToken.php(77): Illuminate\\Pipeline\\Pipeline->Illuminate\\Pipeline\\{closure}(Object(Illuminate\\Http\\Request))
#23 D:\\WORK\\WAREHOUSE-VUI\\warehouse\\warehouse\\vendor\\laravel\\framework\\src\\Illuminate\\Pipeline\\Pipeline.php(167): Illuminate\\Foundation\\Http\\Middleware\\VerifyCsrfToken->handle(Object(Illuminate\\Http\\Request), Object(Closure))
#24 D:\\WORK\\WAREHOUSE-VUI\\warehouse\\warehouse\\vendor\\laravel\\framework\\src\\Illuminate\\View\\Middleware\\ShareErrorsFromSession.php(49): Illuminate\\Pipeline\\Pipeline->Illuminate\\Pipeline\\{closure}(Object(Illuminate\\Http\\Request))
#25 D:\\WORK\\WAREHOUSE-VUI\\warehouse\\warehouse\\vendor\\laravel\\framework\\src\\Illuminate\\Pipeline\\Pipeline.php(167): Illuminate\\View\\Middleware\\ShareErrorsFromSession->handle(Object(Illuminate\\Http\\Request), Object(Closure))
#26 D:\\WORK\\WAREHOUSE-VUI\\warehouse\\warehouse\\vendor\\laravel\\framework\\src\\Illuminate\\Session\\Middleware\\StartSession.php(121): Illuminate\\Pipeline\\Pipeline->Illuminate\\Pipeline\\{closure}(Object(Illuminate\\Http\\Request))
#27 D:\\WORK\\WAREHOUSE-VUI\\warehouse\\warehouse\\vendor\\laravel\\framework\\src\\Illuminate\\Session\\Middleware\\StartSession.php(63): Illuminate\\Session\\Middleware\\StartSession->handleStatefulRequest(Object(Illuminate\\Http\\Request), Object(Illuminate\\Session\\Store), Object(Closure))
#28 D:\\WORK\\WAREHOUSE-VUI\\warehouse\\warehouse\\vendor\\laravel\\framework\\src\\Illuminate\\Pipeline\\Pipeline.php(167): Illuminate\\Session\\Middleware\\StartSession->handle(Object(Illuminate\\Http\\Request), Object(Closure))
#29 D:\\WORK\\WAREHOUSE-VUI\\warehouse\\warehouse\\vendor\\laravel\\framework\\src\\Illuminate\\Cookie\\Middleware\\AddQueuedCookiesToResponse.php(37): Illuminate\\Pipeline\\Pipeline->Illuminate\\Pipeline\\{closure}(Object(Illuminate\\Http\\Request))
#30 D:\\WORK\\WAREHOUSE-VUI\\warehouse\\warehouse\\vendor\\laravel\\framework\\src\\Illuminate\\Pipeline\\Pipeline.php(167): Illuminate\\Cookie\\Middleware\\AddQueuedCookiesToResponse->handle(Object(Illuminate\\Http\\Request), Object(Closure))
#31 D:\\WORK\\WAREHOUSE-VUI\\warehouse\\warehouse\\vendor\\laravel\\framework\\src\\Illuminate\\Cookie\\Middleware\\EncryptCookies.php(67): Illuminate\\Pipeline\\Pipeline->Illuminate\\Pipeline\\{closure}(Object(Illuminate\\Http\\Request))
#32 D:\\WORK\\WAREHOUSE-VUI\\warehouse\\warehouse\\vendor\\laravel\\framework\\src\\Illuminate\\Pipeline\\Pipeline.php(167): Illuminate\\Cookie\\Middleware\\EncryptCookies->handle(Object(Illuminate\\Http\\Request), Object(Closure))
#33 D:\\WORK\\WAREHOUSE-VUI\\warehouse\\warehouse\\vendor\\laravel\\framework\\src\\Illuminate\\Pipeline\\Pipeline.php(103): Illuminate\\Pipeline\\Pipeline->Illuminate\\Pipeline\\{closure}(Object(Illuminate\\Http\\Request))
#34 D:\\WORK\\WAREHOUSE-VUI\\warehouse\\warehouse\\vendor\\laravel\\framework\\src\\Illuminate\\Routing\\Router.php(694): Illuminate\\Pipeline\\Pipeline->then(Object(Closure))
#35 D:\\WORK\\WAREHOUSE-VUI\\warehouse\\warehouse\\vendor\\laravel\\framework\\src\\Illuminate\\Routing\\Router.php(669): Illuminate\\Routing\\Router->runRouteWithinStack(Object(Illuminate\\Routing\\Route), Object(Illuminate\\Http\\Request))
#36 D:\\WORK\\WAREHOUSE-VUI\\warehouse\\warehouse\\vendor\\laravel\\framework\\src\\Illuminate\\Routing\\Router.php(635): Illuminate\\Routing\\Router->runRoute(Object(Illuminate\\Http\\Request), Object(Illuminate\\Routing\\Route))
#37 D:\\WORK\\WAREHOUSE-VUI\\warehouse\\warehouse\\vendor\\laravel\\framework\\src\\Illuminate\\Routing\\Router.php(624): Illuminate\\Routing\\Router->dispatchToRoute(Object(Illuminate\\Http\\Request))
#38 D:\\WORK\\WAREHOUSE-VUI\\warehouse\\warehouse\\vendor\\laravel\\framework\\src\\Illuminate\\Foundation\\Http\\Kernel.php(166): Illuminate\\Routing\\Router->dispatch(Object(Illuminate\\Http\\Request))
#39 D:\\WORK\\WAREHOUSE-VUI\\warehouse\\warehouse\\vendor\\laravel\\framework\\src\\Illuminate\\Pipeline\\Pipeline.php(128): Illuminate\\Foundation\\Http\\Kernel->Illuminate\\Foundation\\Http\\{closure}(Object(Illuminate\\Http\\Request))
#40 D:\\WORK\\WAREHOUSE-VUI\\warehouse\\warehouse\\vendor\\laravel\\framework\\src\\Illuminate\\Foundation\\Http\\Middleware\\TransformsRequest.php(21): Illuminate\\Pipeline\\Pipeline->Illuminate\\Pipeline\\{closure}(Object(Illuminate\\Http\\Request))
#41 D:\\WORK\\WAREHOUSE-VUI\\warehouse\\warehouse\\vendor\\laravel\\framework\\src\\Illuminate\\Pipeline\\Pipeline.php(167): Illuminate\\Foundation\\Http\\Middleware\\TransformsRequest->handle(Object(Illuminate\\Http\\Request), Object(Closure))
#42 D:\\WORK\\WAREHOUSE-VUI\\warehouse\\warehouse\\vendor\\laravel\\framework\\src\\Illuminate\\Foundation\\Http\\Middleware\\TransformsRequest.php(21): Illuminate\\Pipeline\\Pipeline->Illuminate\\Pipeline\\{closure}(Object(Illuminate\\Http\\Request))
#43 D:\\WORK\\WAREHOUSE-VUI\\warehouse\\warehouse\\vendor\\laravel\\framework\\src\\Illuminate\\Pipeline\\Pipeline.php(167): Illuminate\\Foundation\\Http\\Middleware\\TransformsRequest->handle(Object(Illuminate\\Http\\Request), Object(Closure))
#44 D:\\WORK\\WAREHOUSE-VUI\\warehouse\\warehouse\\vendor\\laravel\\framework\\src\\Illuminate\\Foundation\\Http\\Middleware\\ValidatePostSize.php(27): Illuminate\\Pipeline\\Pipeline->Illuminate\\Pipeline\\{closure}(Object(Illuminate\\Http\\Request))
#45 D:\\WORK\\WAREHOUSE-VUI\\warehouse\\warehouse\\vendor\\laravel\\framework\\src\\Illuminate\\Pipeline\\Pipeline.php(167): Illuminate\\Foundation\\Http\\Middleware\\ValidatePostSize->handle(Object(Illuminate\\Http\\Request), Object(Closure))
#46 D:\\WORK\\WAREHOUSE-VUI\\warehouse\\warehouse\\vendor\\laravel\\framework\\src\\Illuminate\\Foundation\\Http\\Middleware\\PreventRequestsDuringMaintenance.php(87): Illuminate\\Pipeline\\Pipeline->Illuminate\\Pipeline\\{closure}(Object(Illuminate\\Http\\Request))
#47 D:\\WORK\\WAREHOUSE-VUI\\warehouse\\warehouse\\vendor\\laravel\\framework\\src\\Illuminate\\Pipeline\\Pipeline.php(167): Illuminate\\Foundation\\Http\\Middleware\\PreventRequestsDuringMaintenance->handle(Object(Illuminate\\Http\\Request), Object(Closure))
#48 D:\\WORK\\WAREHOUSE-VUI\\warehouse\\warehouse\\vendor\\fruitcake\\laravel-cors\\src\\HandleCors.php(37): Illuminate\\Pipeline\\Pipeline->Illuminate\\Pipeline\\{closure}(Object(Illuminate\\Http\\Request))
#49 D:\\WORK\\WAREHOUSE-VUI\\warehouse\\warehouse\\vendor\\laravel\\framework\\src\\Illuminate\\Pipeline\\Pipeline.php(167): Fruitcake\\Cors\\HandleCors->handle(Object(Illuminate\\Http\\Request), Object(Closure))
#50 D:\\WORK\\WAREHOUSE-VUI\\warehouse\\warehouse\\vendor\\fideloper\\proxy\\src\\TrustProxies.php(57): Illuminate\\Pipeline\\Pipeline->Illuminate\\Pipeline\\{closure}(Object(Illuminate\\Http\\Request))
#51 D:\\WORK\\WAREHOUSE-VUI\\warehouse\\warehouse\\vendor\\laravel\\framework\\src\\Illuminate\\Pipeline\\Pipeline.php(167): Fideloper\\Proxy\\TrustProxies->handle(Object(Illuminate\\Http\\Request), Object(Closure))
#52 D:\\WORK\\WAREHOUSE-VUI\\warehouse\\warehouse\\vendor\\laravel\\framework\\src\\Illuminate\\Pipeline\\Pipeline.php(103): Illuminate\\Pipeline\\Pipeline->Illuminate\\Pipeline\\{closure}(Object(Illuminate\\Http\\Request))
#53 D:\\WORK\\WAREHOUSE-VUI\\warehouse\\warehouse\\vendor\\laravel\\framework\\src\\Illuminate\\Foundation\\Http\\Kernel.php(141): Illuminate\\Pipeline\\Pipeline->then(Object(Closure))
#54 D:\\WORK\\WAREHOUSE-VUI\\warehouse\\warehouse\\vendor\\laravel\\framework\\src\\Illuminate\\Foundation\\Http\\Kernel.php(110): Illuminate\\Foundation\\Http\\Kernel->sendRequestThroughRouter(Object(Illuminate\\Http\\Request))
#55 D:\\WORK\\WAREHOUSE-VUI\\warehouse\\warehouse\\public\\index.php(52): Illuminate\\Foundation\\Http\\Kernel->handle(Object(Illuminate\\Http\\Request))
#56 D:\\WORK\\WAREHOUSE-VUI\\warehouse\\warehouse\\server.php(21): require_once('D:\\\\WORK\\\\WAREHOU...')
#57 {main}

[previous exception] [object] (Doctrine\\DBAL\\Driver\\PDO\\Exception(code: 22P02): SQLSTATE[22P02]: Invalid text representation: 7 ERROR:  invalid input syntax for type bigint: \"undefined\" at D:\\WORK\\WAREHOUSE-VUI\\warehouse\\warehouse\\vendor\\doctrine\\dbal\\lib\\Doctrine\\DBAL\\Driver\\PDO\\Exception.php:18)
[stacktrace]
#0 D:\\WORK\\WAREHOUSE-VUI\\warehouse\\warehouse\\vendor\\doctrine\\dbal\\lib\\Doctrine\\DBAL\\Driver\\PDOStatement.php(117): Doctrine\\DBAL\\Driver\\PDO\\Exception::new(Object(PDOException))
#1 D:\\WORK\\WAREHOUSE-VUI\\warehouse\\warehouse\\vendor\\laravel\\framework\\src\\Illuminate\\Database\\Connection.php(343): Doctrine\\DBAL\\Driver\\PDOStatement->execute()
#2 D:\\WORK\\WAREHOUSE-VUI\\warehouse\\warehouse\\vendor\\laravel\\framework\\src\\Illuminate\\Database\\Connection.php(671): Illuminate\\Database\\Connection->Illuminate\\Database\\{closure}('select * from \"...', Array)
#3 D:\\WORK\\WAREHOUSE-VUI\\warehouse\\warehouse\\vendor\\laravel\\framework\\src\\Illuminate\\Database\\Connection.php(638): Illuminate\\Database\\Connection->runQueryCallback('select * from \"...', Array, Object(Closure))
#4 D:\\WORK\\WAREHOUSE-VUI\\warehouse\\warehouse\\vendor\\laravel\\framework\\src\\Illuminate\\Database\\Connection.php(346): Illuminate\\Database\\Connection->run('select * from \"...', Array, Object(Closure))
#5 D:\\WORK\\WAREHOUSE-VUI\\warehouse\\warehouse\\vendor\\laravel\\framework\\src\\Illuminate\\Database\\Query\\Builder.php(2303): Illuminate\\Database\\Connection->select('select * from \"...', Array, true)
#6 D:\\WORK\\WAREHOUSE-VUI\\warehouse\\warehouse\\vendor\\laravel\\framework\\src\\Illuminate\\Database\\Query\\Builder.php(2291): Illuminate\\Database\\Query\\Builder->runSelect()
#7 D:\\WORK\\WAREHOUSE-VUI\\warehouse\\warehouse\\vendor\\laravel\\framework\\src\\Illuminate\\Database\\Query\\Builder.php(2786): Illuminate\\Database\\Query\\Builder->Illuminate\\Database\\Query\\{closure}()
#8 D:\\WORK\\WAREHOUSE-VUI\\warehouse\\warehouse\\vendor\\laravel\\framework\\src\\Illuminate\\Database\\Query\\Builder.php(2292): Illuminate\\Database\\Query\\Builder->onceWithColumns(Array, Object(Closure))
#9 D:\\WORK\\WAREHOUSE-VUI\\warehouse\\warehouse\\vendor\\laravel\\framework\\src\\Illuminate\\Database\\Eloquent\\Builder.php(549): Illuminate\\Database\\Query\\Builder->get(Array)
#10 D:\\WORK\\WAREHOUSE-VUI\\warehouse\\warehouse\\vendor\\laravel\\framework\\src\\Illuminate\\Database\\Eloquent\\Builder.php(533): Illuminate\\Database\\Eloquent\\Builder->getModels(Array)
#11 D:\\WORK\\WAREHOUSE-VUI\\warehouse\\warehouse\\vendor\\laravel\\framework\\src\\Illuminate\\Database\\Concerns\\BuildsQueries.php(147): Illuminate\\Database\\Eloquent\\Builder->get(Array)
#12 D:\\WORK\\WAREHOUSE-VUI\\warehouse\\warehouse\\vendor\\laravel\\framework\\src\\Illuminate\\Database\\Eloquent\\Builder.php(355): Illuminate\\Database\\Eloquent\\Builder->first(Array)
#13 D:\\WORK\\WAREHOUSE-VUI\\warehouse\\warehouse\\vendor\\laravel\\framework\\src\\Illuminate\\Support\\Traits\\ForwardsCalls.php(23): Illuminate\\Database\\Eloquent\\Builder->find('undefined')
#14 D:\\WORK\\WAREHOUSE-VUI\\warehouse\\warehouse\\vendor\\laravel\\framework\\src\\Illuminate\\Database\\Eloquent\\Model.php(1885): Illuminate\\Database\\Eloquent\\Model->forwardCallTo(Object(Illuminate\\Database\\Eloquent\\Builder), 'find', Array)
#15 D:\\WORK\\WAREHOUSE-VUI\\warehouse\\warehouse\\vendor\\laravel\\framework\\src\\Illuminate\\Database\\Eloquent\\Model.php(1897): Illuminate\\Database\\Eloquent\\Model->__call('find', Array)
#16 D:\\WORK\\WAREHOUSE-VUI\\warehouse\\warehouse\\app\\Http\\Controllers\\ProductController.php(157): Illuminate\\Database\\Eloquent\\Model::__callStatic('find', Array)
#17 D:\\WORK\\WAREHOUSE-VUI\\warehouse\\warehouse\\vendor\\laravel\\framework\\src\\Illuminate\\Routing\\Controller.php(54): App\\Http\\Controllers\\ProductController->destroy(Object(Illuminate\\Http\\Request), 'undefined')
#18 D:\\WORK\\WAREHOUSE-VUI\\warehouse\\warehouse\\vendor\\laravel\\framework\\src\\Illuminate\\Routing\\ControllerDispatcher.php(45): Illuminate\\Routing\\Controller->callAction('destroy', Array)
#19 D:\\WORK\\WAREHOUSE-VUI\\warehouse\\warehouse\\vendor\\laravel\\framework\\src\\Illuminate\\Routing\\Route.php(254): Illuminate\\Routing\\ControllerDispatcher->dispatch(Object(Illuminate\\Routing\\Route), Object(App\\Http\\Controllers\\ProductController), 'destroy')
#20 D:\\WORK\\WAREHOUSE-VUI\\warehouse\\warehouse\\vendor\\laravel\\framework\\src\\Illuminate\\Routing\\Route.php(197): Illuminate\\Routing\\Route->runController()
#21 D:\\WORK\\WAREHOUSE-VUI\\warehouse\\warehouse\\vendor\\laravel\\framework\\src\\Illuminate\\Routing\\Router.php(692): Illuminate\\Routing\\Route->run()
#22 D:\\WORK\\WAREHOUSE-VUI\\warehouse\\warehouse\\vendor\\laravel\\framework\\src\\Illuminate\\Pipeline\\Pipeline.php(128): Illuminate\\Routing\\Router->Illuminate\\Routing\\{closure}(Object(Illuminate\\Http\\Request))
#23 D:\\WORK\\WAREHOUSE-VUI\\warehouse\\warehouse\\vendor\\laravel\\framework\\src\\Illuminate\\Routing\\Middleware\\SubstituteBindings.php(41): Illuminate\\Pipeline\\Pipeline->Illuminate\\Pipeline\\{closure}(Object(Illuminate\\Http\\Request))
#24 D:\\WORK\\WAREHOUSE-VUI\\warehouse\\warehouse\\vendor\\laravel\\framework\\src\\Illuminate\\Pipeline\\Pipeline.php(167): Illuminate\\Routing\\Middleware\\SubstituteBindings->handle(Object(Illuminate\\Http\\Request), Object(Closure))
#25 D:\\WORK\\WAREHOUSE-VUI\\warehouse\\warehouse\\vendor\\laravel\\framework\\src\\Illuminate\\Foundation\\Http\\Middleware\\VerifyCsrfToken.php(77): Illuminate\\Pipeline\\Pipeline->Illuminate\\Pipeline\\{closure}(Object(Illuminate\\Http\\Request))
#26 D:\\WORK\\WAREHOUSE-VUI\\warehouse\\warehouse\\vendor\\laravel\\framework\\src\\Illuminate\\Pipeline\\Pipeline.php(167): Illuminate\\Foundation\\Http\\Middleware\\VerifyCsrfToken->handle(Object(Illuminate\\Http\\Request), Object(Closure))
#27 D:\\WORK\\WAREHOUSE-VUI\\warehouse\\warehouse\\vendor\\laravel\\framework\\src\\Illuminate\\View\\Middleware\\ShareErrorsFromSession.php(49): Illuminate\\Pipeline\\Pipeline->Illuminate\\Pipeline\\{closure}(Object(Illuminate\\Http\\Request))
#28 D:\\WORK\\WAREHOUSE-VUI\\warehouse\\warehouse\\vendor\\laravel\\framework\\src\\Illuminate\\Pipeline\\Pipeline.php(167): Illuminate\\View\\Middleware\\ShareErrorsFromSession->handle(Object(Illuminate\\Http\\Request), Object(Closure))
#29 D:\\WORK\\WAREHOUSE-VUI\\warehouse\\warehouse\\vendor\\laravel\\framework\\src\\Illuminate\\Session\\Middleware\\StartSession.php(121): Illuminate\\Pipeline\\Pipeline->Illuminate\\Pipeline\\{closure}(Object(Illuminate\\Http\\Request))
#30 D:\\WORK\\WAREHOUSE-VUI\\warehouse\\warehouse\\vendor\\laravel\\framework\\src\\Illuminate\\Session\\Middleware\\StartSession.php(63): Illuminate\\Session\\Middleware\\StartSession->handleStatefulRequest(Object(Illuminate\\Http\\Request), Object(Illuminate\\Session\\Store), Object(Closure))
#31 D:\\WORK\\WAREHOUSE-VUI\\warehouse\\warehouse\\vendor\\laravel\\framework\\src\\Illuminate\\Pipeline\\Pipeline.php(167): Illuminate\\Session\\Middleware\\StartSession->handle(Object(Illuminate\\Http\\Request), Object(Closure))
#32 D:\\WORK\\WAREHOUSE-VUI\\warehouse\\warehouse\\vendor\\laravel\\framework\\src\\Illuminate\\Cookie\\Middleware\\AddQueuedCookiesToResponse.php(37): Illuminate\\Pipeline\\Pipeline->Illuminate\\Pipeline\\{closure}(Object(Illuminate\\Http\\Request))
#33 D:\\WORK\\WAREHOUSE-VUI\\warehouse\\warehouse\\vendor\\laravel\\framework\\src\\Illuminate\\Pipeline\\Pipeline.php(167): Illuminate\\Cookie\\Middleware\\AddQueuedCookiesToResponse->handle(Object(Illuminate\\Http\\Request), Object(Closure))
#34 D:\\WORK\\WAREHOUSE-VUI\\warehouse\\warehouse\\vendor\\laravel\\framework\\src\\Illuminate\\Cookie\\Middleware\\EncryptCookies.php(67): Illuminate\\Pipeline\\Pipeline->Illuminate\\Pipeline\\{closure}(Object(Illuminate\\Http\\Request))
#35 D:\\WORK\\WAREHOUSE-VUI\\warehouse\\warehouse\\vendor\\laravel\\framework\\src\\Illuminate\\Pipeline\\Pipeline.php(167): Illuminate\\Cookie\\Middleware\\EncryptCookies->handle(Object(Illuminate\\Http\\Request), Object(Closure))
#36 D:\\WORK\\WAREHOUSE-VUI\\warehouse\\warehouse\\vendor\\laravel\\framework\\src\\Illuminate\\Pipeline\\Pipeline.php(103): Illuminate\\Pipeline\\Pipeline->Illuminate\\Pipeline\\{closure}(Object(Illuminate\\Http\\Request))
#37 D:\\WORK\\WAREHOUSE-VUI\\warehouse\\warehouse\\vendor\\laravel\\framework\\src\\Illuminate\\Routing\\Router.php(694): Illuminate\\Pipeline\\Pipeline->then(Object(Closure))
#38 D:\\WORK\\WAREHOUSE-VUI\\warehouse\\warehouse\\vendor\\laravel\\framework\\src\\Illuminate\\Routing\\Router.php(669): Illuminate\\Routing\\Router->runRouteWithinStack(Object(Illuminate\\Routing\\Route), Object(Illuminate\\Http\\Request))
#39 D:\\WORK\\WAREHOUSE-VUI\\warehouse\\warehouse\\vendor\\laravel\\framework\\src\\Illuminate\\Routing\\Router.php(635): Illuminate\\Routing\\Router->runRoute(Object(Illuminate\\Http\\Request), Object(Illuminate\\Routing\\Route))
#40 D:\\WORK\\WAREHOUSE-VUI\\warehouse\\warehouse\\vendor\\laravel\\framework\\src\\Illuminate\\Routing\\Router.php(624): Illuminate\\Routing\\Router->dispatchToRoute(Object(Illuminate\\Http\\Request))
#41 D:\\WORK\\WAREHOUSE-VUI\\warehouse\\warehouse\\vendor\\laravel\\framework\\src\\Illuminate\\Foundation\\Http\\Kernel.php(166): Illuminate\\Routing\\Router->dispatch(Object(Illuminate\\Http\\Request))
#42 D:\\WORK\\WAREHOUSE-VUI\\warehouse\\warehouse\\vendor\\laravel\\framework\\src\\Illuminate\\Pipeline\\Pipeline.php(128): Illuminate\\Foundation\\Http\\Kernel->Illuminate\\Foundation\\Http\\{closure}(Object(Illuminate\\Http\\Request))
#43 D:\\WORK\\WAREHOUSE-VUI\\warehouse\\warehouse\\vendor\\laravel\\framework\\src\\Illuminate\\Foundation\\Http\\Middleware\\TransformsRequest.php(21): Illuminate\\Pipeline\\Pipeline->Illuminate\\Pipeline\\{closure}(Object(Illuminate\\Http\\Request))
#44 D:\\WORK\\WAREHOUSE-VUI\\warehouse\\warehouse\\vendor\\laravel\\framework\\src\\Illuminate\\Pipeline\\Pipeline.php(167): Illuminate\\Foundation\\Http\\Middleware\\TransformsRequest->handle(Object(Illuminate\\Http\\Request), Object(Closure))
#45 D:\\WORK\\WAREHOUSE-VUI\\warehouse\\warehouse\\vendor\\laravel\\framework\\src\\Illuminate\\Foundation\\Http\\Middleware\\TransformsRequest.php(21): Illuminate\\Pipeline\\Pipeline->Illuminate\\Pipeline\\{closure}(Object(Illuminate\\Http\\Request))
#46 D:\\WORK\\WAREHOUSE-VUI\\warehouse\\warehouse\\vendor\\laravel\\framework\\src\\Illuminate\\Pipeline\\Pipeline.php(167): Illuminate\\Foundation\\Http\\Middleware\\TransformsRequest->handle(Object(Illuminate\\Http\\Request), Object(Closure))
#47 D:\\WORK\\WAREHOUSE-VUI\\warehouse\\warehouse\\vendor\\laravel\\framework\\src\\Illuminate\\Foundation\\Http\\Middleware\\ValidatePostSize.php(27): Illuminate\\Pipeline\\Pipeline->Illuminate\\Pipeline\\{closure}(Object(Illuminate\\Http\\Request))
#48 D:\\WORK\\WAREHOUSE-VUI\\warehouse\\warehouse\\vendor\\laravel\\framework\\src\\Illuminate\\Pipeline\\Pipeline.php(167): Illuminate\\Foundation\\Http\\Middleware\\ValidatePostSize->handle(Object(Illuminate\\Http\\Request), Object(Closure))
#49 D:\\WORK\\WAREHOUSE-VUI\\warehouse\\warehouse\\vendor\\laravel\\framework\\src\\Illuminate\\Foundation\\Http\\Middleware\\PreventRequestsDuringMaintenance.php(87): Illuminate\\Pipeline\\Pipeline->Illuminate\\Pipeline\\{closure}(Object(Illuminate\\Http\\Request))
#50 D:\\WORK\\WAREHOUSE-VUI\\warehouse\\warehouse\\vendor\\laravel\\framework\\src\\Illuminate\\Pipeline\\Pipeline.php(167): Illuminate\\Foundation\\Http\\Middleware\\PreventRequestsDuringMaintenance->handle(Object(Illuminate\\Http\\Request), Object(Closure))
#51 D:\\WORK\\WAREHOUSE-VUI\\warehouse\\warehouse\\vendor\\fruitcake\\laravel-cors\\src\\HandleCors.php(37): Illuminate\\Pipeline\\Pipeline->Illuminate\\Pipeline\\{closure}(Object(Illuminate\\Http\\Request))
#52 D:\\WORK\\WAREHOUSE-VUI\\warehouse\\warehouse\\vendor\\laravel\\framework\\src\\Illuminate\\Pipeline\\Pipeline.php(167): Fruitcake\\Cors\\HandleCors->handle(Object(Illuminate\\Http\\Request), Object(Closure))
#53 D:\\WORK\\WAREHOUSE-VUI\\warehouse\\warehouse\\vendor\\fideloper\\proxy\\src\\TrustProxies.php(57): Illuminate\\Pipeline\\Pipeline->Illuminate\\Pipeline\\{closure}(Object(Illuminate\\Http\\Request))
#54 D:\\WORK\\WAREHOUSE-VUI\\warehouse\\warehouse\\vendor\\laravel\\framework\\src\\Illuminate\\Pipeline\\Pipeline.php(167): Fideloper\\Proxy\\TrustProxies->handle(Object(Illuminate\\Http\\Request), Object(Closure))
#55 D:\\WORK\\WAREHOUSE-VUI\\warehouse\\warehouse\\vendor\\laravel\\framework\\src\\Illuminate\\Pipeline\\Pipeline.php(103): Illuminate\\Pipeline\\Pipeline->Illuminate\\Pipeline\\{closure}(Object(Illuminate\\Http\\Request))
#56 D:\\WORK\\WAREHOUSE-VUI\\warehouse\\warehouse\\vendor\\laravel\\framework\\src\\Illuminate\\Foundation\\Http\\Kernel.php(141): Illuminate\\Pipeline\\Pipeline->then(Object(Closure))
#57 D:\\WORK\\WAREHOUSE-VUI\\warehouse\\warehouse\\vendor\\laravel\\framework\\src\\Illuminate\\Foundation\\Http\\Kernel.php(110): Illuminate\\Foundation\\Http\\Kernel->sendRequestThroughRouter(Object(Illuminate\\Http\\Request))
#58 D:\\WORK\\WAREHOUSE-VUI\\warehouse\\warehouse\\public\\index.php(52): Illuminate\\Foundation\\Http\\Kernel->handle(Object(Illuminate\\Http\\Request))
#59 D:\\WORK\\WAREHOUSE-VUI\\warehouse\\warehouse\\server.php(21): require_once('D:\\\\WORK\\\\WAREHOU...')
#60 {main}

[previous exception] [object] (PDOException(code: 22P02): SQLSTATE[22P02]: Invalid text representation: 7 ERROR:  invalid input syntax for type bigint: \"undefined\" at D:\\WORK\\WAREHOUSE-VUI\\warehouse\\warehouse\\vendor\\doctrine\\dbal\\lib\\Doctrine\\DBAL\\Driver\\PDOStatement.php:115)
[stacktrace]
#0 D:\\WORK\\WAREHOUSE-VUI\\warehouse\\warehouse\\vendor\\doctrine\\dbal\\lib\\Doctrine\\DBAL\\Driver\\PDOStatement.php(115): PDOStatement->execute(NULL)
#1 D:\\WORK\\WAREHOUSE-VUI\\warehouse\\warehouse\\vendor\\laravel\\framework\\src\\Illuminate\\Database\\Connection.php(343): Doctrine\\DBAL\\Driver\\PDOStatement->execute()
#2 D:\\WORK\\WAREHOUSE-VUI\\warehouse\\warehouse\\vendor\\laravel\\framework\\src\\Illuminate\\Database\\Connection.php(671): Illuminate\\Database\\Connection->Illuminate\\Database\\{closure}('select * from \"...', Array)
#3 D:\\WORK\\WAREHOUSE-VUI\\warehouse\\warehouse\\vendor\\laravel\\framework\\src\\Illuminate\\Database\\Connection.php(638): Illuminate\\Database\\Connection->runQueryCallback('select * from \"...', Array, Object(Closure))
#4 D:\\WORK\\WAREHOUSE-VUI\\warehouse\\warehouse\\vendor\\laravel\\framework\\src\\Illuminate\\Database\\Connection.php(346): Illuminate\\Database\\Connection->run('select * from \"...', Array, Object(Closure))
#5 D:\\WORK\\WAREHOUSE-VUI\\warehouse\\warehouse\\vendor\\laravel\\framework\\src\\Illuminate\\Database\\Query\\Builder.php(2303): Illuminate\\Database\\Connection->select('select * from \"...', Array, true)
#6 D:\\WORK\\WAREHOUSE-VUI\\warehouse\\warehouse\\vendor\\laravel\\framework\\src\\Illuminate\\Database\\Query\\Builder.php(2291): Illuminate\\Database\\Query\\Builder->runSelect()
#7 D:\\WORK\\WAREHOUSE-VUI\\warehouse\\warehouse\\vendor\\laravel\\framework\\src\\Illuminate\\Database\\Query\\Builder.php(2786): Illuminate\\Database\\Query\\Builder->Illuminate\\Database\\Query\\{closure}()
#8 D:\\WORK\\WAREHOUSE-VUI\\warehouse\\warehouse\\vendor\\laravel\\framework\\src\\Illuminate\\Database\\Query\\Builder.php(2292): Illuminate\\Database\\Query\\Builder->onceWithColumns(Array, Object(Closure))
#9 D:\\WORK\\WAREHOUSE-VUI\\warehouse\\warehouse\\vendor\\laravel\\framework\\src\\Illuminate\\Database\\Eloquent\\Builder.php(549): Illuminate\\Database\\Query\\Builder->get(Array)
#10 D:\\WORK\\WAREHOUSE-VUI\\warehouse\\warehouse\\vendor\\laravel\\framework\\src\\Illuminate\\Database\\Eloquent\\Builder.php(533): Illuminate\\Database\\Eloquent\\Builder->getModels(Array)
#11 D:\\WORK\\WAREHOUSE-VUI\\warehouse\\warehouse\\vendor\\laravel\\framework\\src\\Illuminate\\Database\\Concerns\\BuildsQueries.php(147): Illuminate\\Database\\Eloquent\\Builder->get(Array)
#12 D:\\WORK\\WAREHOUSE-VUI\\warehouse\\warehouse\\vendor\\laravel\\framework\\src\\Illuminate\\Database\\Eloquent\\Builder.php(355): Illuminate\\Database\\Eloquent\\Builder->first(Array)
#13 D:\\WORK\\WAREHOUSE-VUI\\warehouse\\warehouse\\vendor\\laravel\\framework\\src\\Illuminate\\Support\\Traits\\ForwardsCalls.php(23): Illuminate\\Database\\Eloquent\\Builder->find('undefined')
#14 D:\\WORK\\WAREHOUSE-VUI\\warehouse\\warehouse\\vendor\\laravel\\framework\\src\\Illuminate\\Database\\Eloquent\\Model.php(1885): Illuminate\\Database\\Eloquent\\Model->forwardCallTo(Object(Illuminate\\Database\\Eloquent\\Builder), 'find', Array)
#15 D:\\WORK\\WAREHOUSE-VUI\\warehouse\\warehouse\\vendor\\laravel\\framework\\src\\Illuminate\\Database\\Eloquent\\Model.php(1897): Illuminate\\Database\\Eloquent\\Model->__call('find', Array)
#16 D:\\WORK\\WAREHOUSE-VUI\\warehouse\\warehouse\\app\\Http\\Controllers\\ProductController.php(157): Illuminate\\Database\\Eloquent\\Model::__callStatic('find', Array)
#17 D:\\WORK\\WAREHOUSE-VUI\\warehouse\\warehouse\\vendor\\laravel\\framework\\src\\Illuminate\\Routing\\Controller.php(54): App\\Http\\Controllers\\ProductController->destroy(Object(Illuminate\\Http\\Request), 'undefined')
#18 D:\\WORK\\WAREHOUSE-VUI\\warehouse\\warehouse\\vendor\\laravel\\framework\\src\\Illuminate\\Routing\\ControllerDispatcher.php(45): Illuminate\\Routing\\Controller->callAction('destroy', Array)
#19 D:\\WORK\\WAREHOUSE-VUI\\warehouse\\warehouse\\vendor\\laravel\\framework\\src\\Illuminate\\Routing\\Route.php(254): Illuminate\\Routing\\ControllerDispatcher->dispatch(Object(Illuminate\\Routing\\Route), Object(App\\Http\\Controllers\\ProductController), 'destroy')
#20 D:\\WORK\\WAREHOUSE-VUI\\warehouse\\warehouse\\vendor\\laravel\\framework\\src\\Illuminate\\Routing\\Route.php(197): Illuminate\\Routing\\Route->runController()
#21 D:\\WORK\\WAREHOUSE-VUI\\warehouse\\warehouse\\vendor\\laravel\\framework\\src\\Illuminate\\Routing\\Router.php(692): Illuminate\\Routing\\Route->run()
#22 D:\\WORK\\WAREHOUSE-VUI\\warehouse\\warehouse\\vendor\\laravel\\framework\\src\\Illuminate\\Pipeline\\Pipeline.php(128): Illuminate\\Routing\\Router->Illuminate\\Routing\\{closure}(Object(Illuminate\\Http\\Request))
#23 D:\\WORK\\WAREHOUSE-VUI\\warehouse\\warehouse\\vendor\\laravel\\framework\\src\\Illuminate\\Routing\\Middleware\\SubstituteBindings.php(41): Illuminate\\Pipeline\\Pipeline->Illuminate\\Pipeline\\{closure}(Object(Illuminate\\Http\\Request))
#24 D:\\WORK\\WAREHOUSE-VUI\\warehouse\\warehouse\\vendor\\laravel\\framework\\src\\Illuminate\\Pipeline\\Pipeline.php(167): Illuminate\\Routing\\Middleware\\SubstituteBindings->handle(Object(Illuminate\\Http\\Request), Object(Closure))
#25 D:\\WORK\\WAREHOUSE-VUI\\warehouse\\warehouse\\vendor\\laravel\\framework\\src\\Illuminate\\Foundation\\Http\\Middleware\\VerifyCsrfToken.php(77): Illuminate\\Pipeline\\Pipeline->Illuminate\\Pipeline\\{closure}(Object(Illuminate\\Http\\Request))
#26 D:\\WORK\\WAREHOUSE-VUI\\warehouse\\warehouse\\vendor\\laravel\\framework\\src\\Illuminate\\Pipeline\\Pipeline.php(167): Illuminate\\Foundation\\Http\\Middleware\\VerifyCsrfToken->handle(Object(Illuminate\\Http\\Request), Object(Closure))
#27 D:\\WORK\\WAREHOUSE-VUI\\warehouse\\warehouse\\vendor\\laravel\\framework\\src\\Illuminate\\View\\Middleware\\ShareErrorsFromSession.php(49): Illuminate\\Pipeline\\Pipeline->Illuminate\\Pipeline\\{closure}(Object(Illuminate\\Http\\Request))
#28 D:\\WORK\\WAREHOUSE-VUI\\warehouse\\warehouse\\vendor\\laravel\\framework\\src\\Illuminate\\Pipeline\\Pipeline.php(167): Illuminate\\View\\Middleware\\ShareErrorsFromSession->handle(Object(Illuminate\\Http\\Request), Object(Closure))
#29 D:\\WORK\\WAREHOUSE-VUI\\warehouse\\warehouse\\vendor\\laravel\\framework\\src\\Illuminate\\Session\\Middleware\\StartSession.php(121): Illuminate\\Pipeline\\Pipeline->Illuminate\\Pipeline\\{closure}(Object(Illuminate\\Http\\Request))
#30 D:\\WORK\\WAREHOUSE-VUI\\warehouse\\warehouse\\vendor\\laravel\\framework\\src\\Illuminate\\Session\\Middleware\\StartSession.php(63): Illuminate\\Session\\Middleware\\StartSession->handleStatefulRequest(Object(Illuminate\\Http\\Request), Object(Illuminate\\Session\\Store), Object(Closure))
#31 D:\\WORK\\WAREHOUSE-VUI\\warehouse\\warehouse\\vendor\\laravel\\framework\\src\\Illuminate\\Pipeline\\Pipeline.php(167): Illuminate\\Session\\Middleware\\StartSession->handle(Object(Illuminate\\Http\\Request), Object(Closure))
#32 D:\\WORK\\WAREHOUSE-VUI\\warehouse\\warehouse\\vendor\\laravel\\framework\\src\\Illuminate\\Cookie\\Middleware\\AddQueuedCookiesToResponse.php(37): Illuminate\\Pipeline\\Pipeline->Illuminate\\Pipeline\\{closure}(Object(Illuminate\\Http\\Request))
#33 D:\\WORK\\WAREHOUSE-VUI\\warehouse\\warehouse\\vendor\\laravel\\framework\\src\\Illuminate\\Pipeline\\Pipeline.php(167): Illuminate\\Cookie\\Middleware\\AddQueuedCookiesToResponse->handle(Object(Illuminate\\Http\\Request), Object(Closure))
#34 D:\\WORK\\WAREHOUSE-VUI\\warehouse\\warehouse\\vendor\\laravel\\framework\\src\\Illuminate\\Cookie\\Middleware\\EncryptCookies.php(67): Illuminate\\Pipeline\\Pipeline->Illuminate\\Pipeline\\{closure}(Object(Illuminate\\Http\\Request))
#35 D:\\WORK\\WAREHOUSE-VUI\\warehouse\\warehouse\\vendor\\laravel\\framework\\src\\Illuminate\\Pipeline\\Pipeline.php(167): Illuminate\\Cookie\\Middleware\\EncryptCookies->handle(Object(Illuminate\\Http\\Request), Object(Closure))
#36 D:\\WORK\\WAREHOUSE-VUI\\warehouse\\warehouse\\vendor\\laravel\\framework\\src\\Illuminate\\Pipeline\\Pipeline.php(103): Illuminate\\Pipeline\\Pipeline->Illuminate\\Pipeline\\{closure}(Object(Illuminate\\Http\\Request))
#37 D:\\WORK\\WAREHOUSE-VUI\\warehouse\\warehouse\\vendor\\laravel\\framework\\src\\Illuminate\\Routing\\Router.php(694): Illuminate\\Pipeline\\Pipeline->then(Object(Closure))
#38 D:\\WORK\\WAREHOUSE-VUI\\warehouse\\warehouse\\vendor\\laravel\\framework\\src\\Illuminate\\Routing\\Router.php(669): Illuminate\\Routing\\Router->runRouteWithinStack(Object(Illuminate\\Routing\\Route), Object(Illuminate\\Http\\Request))
#39 D:\\WORK\\WAREHOUSE-VUI\\warehouse\\warehouse\\vendor\\laravel\\framework\\src\\Illuminate\\Routing\\Router.php(635): Illuminate\\Routing\\Router->runRoute(Object(Illuminate\\Http\\Request), Object(Illuminate\\Routing\\Route))
#40 D:\\WORK\\WAREHOUSE-VUI\\warehouse\\warehouse\\vendor\\laravel\\framework\\src\\Illuminate\\Routing\\Router.php(624): Illuminate\\Routing\\Router->dispatchToRoute(Object(Illuminate\\Http\\Request))
#41 D:\\WORK\\WAREHOUSE-VUI\\warehouse\\warehouse\\vendor\\laravel\\framework\\src\\Illuminate\\Foundation\\Http\\Kernel.php(166): Illuminate\\Routing\\Router->dispatch(Object(Illuminate\\Http\\Request))
#42 D:\\WORK\\WAREHOUSE-VUI\\warehouse\\warehouse\\vendor\\laravel\\framework\\src\\Illuminate\\Pipeline\\Pipeline.php(128): Illuminate\\Foundation\\Http\\Kernel->Illuminate\\Foundation\\Http\\{closure}(Object(Illuminate\\Http\\Request))
#43 D:\\WORK\\WAREHOUSE-VUI\\warehouse\\warehouse\\vendor\\laravel\\framework\\src\\Illuminate\\Foundation\\Http\\Middleware\\TransformsRequest.php(21): Illuminate\\Pipeline\\Pipeline->Illuminate\\Pipeline\\{closure}(Object(Illuminate\\Http\\Request))
#44 D:\\WORK\\WAREHOUSE-VUI\\warehouse\\warehouse\\vendor\\laravel\\framework\\src\\Illuminate\\Pipeline\\Pipeline.php(167): Illuminate\\Foundation\\Http\\Middleware\\TransformsRequest->handle(Object(Illuminate\\Http\\Request), Object(Closure))
#45 D:\\WORK\\WAREHOUSE-VUI\\warehouse\\warehouse\\vendor\\laravel\\framework\\src\\Illuminate\\Foundation\\Http\\Middleware\\TransformsRequest.php(21): Illuminate\\Pipeline\\Pipeline->Illuminate\\Pipeline\\{closure}(Object(Illuminate\\Http\\Request))
#46 D:\\WORK\\WAREHOUSE-VUI\\warehouse\\warehouse\\vendor\\laravel\\framework\\src\\Illuminate\\Pipeline\\Pipeline.php(167): Illuminate\\Foundation\\Http\\Middleware\\TransformsRequest->handle(Object(Illuminate\\Http\\Request), Object(Closure))
#47 D:\\WORK\\WAREHOUSE-VUI\\warehouse\\warehouse\\vendor\\laravel\\framework\\src\\Illuminate\\Foundation\\Http\\Middleware\\ValidatePostSize.php(27): Illuminate\\Pipeline\\Pipeline->Illuminate\\Pipeline\\{closure}(Object(Illuminate\\Http\\Request))
#48 D:\\WORK\\WAREHOUSE-VUI\\warehouse\\warehouse\\vendor\\laravel\\framework\\src\\Illuminate\\Pipeline\\Pipeline.php(167): Illuminate\\Foundation\\Http\\Middleware\\ValidatePostSize->handle(Object(Illuminate\\Http\\Request), Object(Closure))
#49 D:\\WORK\\WAREHOUSE-VUI\\warehouse\\warehouse\\vendor\\laravel\\framework\\src\\Illuminate\\Foundation\\Http\\Middleware\\PreventRequestsDuringMaintenance.php(87): Illuminate\\Pipeline\\Pipeline->Illuminate\\Pipeline\\{closure}(Object(Illuminate\\Http\\Request))
#50 D:\\WORK\\WAREHOUSE-VUI\\warehouse\\warehouse\\vendor\\laravel\\framework\\src\\Illuminate\\Pipeline\\Pipeline.php(167): Illuminate\\Foundation\\Http\\Middleware\\PreventRequestsDuringMaintenance->handle(Object(Illuminate\\Http\\Request), Object(Closure))
#51 D:\\WORK\\WAREHOUSE-VUI\\warehouse\\warehouse\\vendor\\fruitcake\\laravel-cors\\src\\HandleCors.php(37): Illuminate\\Pipeline\\Pipeline->Illuminate\\Pipeline\\{closure}(Object(Illuminate\\Http\\Request))
#52 D:\\WORK\\WAREHOUSE-VUI\\warehouse\\warehouse\\vendor\\laravel\\framework\\src\\Illuminate\\Pipeline\\Pipeline.php(167): Fruitcake\\Cors\\HandleCors->handle(Object(Illuminate\\Http\\Request), Object(Closure))
#53 D:\\WORK\\WAREHOUSE-VUI\\warehouse\\warehouse\\vendor\\fideloper\\proxy\\src\\TrustProxies.php(57): Illuminate\\Pipeline\\Pipeline->Illuminate\\Pipeline\\{closure}(Object(Illuminate\\Http\\Request))
#54 D:\\WORK\\WAREHOUSE-VUI\\warehouse\\warehouse\\vendor\\laravel\\framework\\src\\Illuminate\\Pipeline\\Pipeline.php(167): Fideloper\\Proxy\\TrustProxies->handle(Object(Illuminate\\Http\\Request), Object(Closure))
#55 D:\\WORK\\WAREHOUSE-VUI\\warehouse\\warehouse\\vendor\\laravel\\framework\\src\\Illuminate\\Pipeline\\Pipeline.php(103): Illuminate\\Pipeline\\Pipeline->Illuminate\\Pipeline\\{closure}(Object(Illuminate\\Http\\Request))
#56 D:\\WORK\\WAREHOUSE-VUI\\warehouse\\warehouse\\vendor\\laravel\\framework\\src\\Illuminate\\Foundation\\Http\\Kernel.php(141): Illuminate\\Pipeline\\Pipeline->then(Object(Closure))
#57 D:\\WORK\\WAREHOUSE-VUI\\warehouse\\warehouse\\vendor\\laravel\\framework\\src\\Illuminate\\Foundation\\Http\\Kernel.php(110): Illuminate\\Foundation\\Http\\Kernel->sendRequestThroughRouter(Object(Illuminate\\Http\\Request))
#58 D:\\WORK\\WAREHOUSE-VUI\\warehouse\\warehouse\\public\\index.php(52): Illuminate\\Foundation\\Http\\Kernel->handle(Object(Illuminate\\Http\\Request))
#59 D:\\WORK\\WAREHOUSE-VUI\\warehouse\\warehouse\\server.php(21): require_once('D:\\\\WORK\\\\WAREHOU...')
#60 {main}
"} 
